<?xml version="1.0" encoding="UTF-8"?>
<coverage generated="1718009168733" clover="3.2.0">
  <project timestamp="1718009168733" name="All files">
    <metrics statements="44" coveredstatements="42" conditionals="4" coveredconditionals="4" methods="18" coveredmethods="16" elements="66" coveredelements="62" complexity="0" loc="44" ncloc="44" packages="1" files="1" classes="1"/>
    <file name="fetch.ts" path="/Users/leebyeongwoon/WebstormProjects/ts-test/src/fetch.ts">
      <metrics statements="44" coveredstatements="42" conditionals="4" coveredconditionals="4" methods="18" coveredmethods="16"/>
      <line num="1" count="1" type="stmt"/>
      <line num="3" count="1" type="stmt"/>
      <line num="4" count="0" type="stmt"/>
      <line num="5" count="0" type="stmt"/>
      <line num="9" count="1" type="stmt"/>
      <line num="14" count="2" type="stmt"/>
      <line num="15" count="2" type="stmt"/>
      <line num="16" count="9" type="stmt"/>
      <line num="17" count="9" type="stmt"/>
      <line num="23" count="1" type="stmt"/>
      <line num="25" count="20" type="cond" truecount="1" falsecount="0"/>
      <line num="26" count="100" type="stmt"/>
      <line num="28" count="10" type="stmt"/>
      <line num="32" count="1" type="stmt"/>
      <line num="37" count="10" type="stmt"/>
      <line num="38" count="10" type="stmt"/>
      <line num="40" count="10" type="stmt"/>
      <line num="42" count="100" type="cond" truecount="2" falsecount="0"/>
      <line num="43" count="10" type="stmt"/>
      <line num="45" count="10" type="stmt"/>
      <line num="48" count="1" type="stmt"/>
      <line num="49" count="2" type="stmt"/>
      <line num="50" count="2" type="stmt"/>
      <line num="51" count="1" type="stmt"/>
      <line num="52" count="1" type="stmt"/>
      <line num="56" count="2" type="stmt"/>
      <line num="58" count="1" type="stmt"/>
      <line num="59" count="1" type="stmt"/>
      <line num="60" count="2" type="stmt"/>
      <line num="61" count="2" type="stmt"/>
      <line num="62" count="2" type="stmt"/>
      <line num="63" count="2" type="stmt"/>
      <line num="65" count="2" type="stmt"/>
      <line num="66" count="2" type="stmt"/>
      <line num="67" count="2" type="cond" truecount="1" falsecount="0"/>
      <line num="69" count="1" type="stmt"/>
      <line num="71" count="1" type="stmt"/>
      <line num="73" count="1" type="stmt"/>
      <line num="74" count="1" type="stmt"/>
      <line num="75" count="1" type="stmt"/>
      <line num="78" count="1" type="stmt"/>
      <line num="79" count="1" type="stmt"/>
      <line num="83" count="2" type="stmt"/>
      <line num="86" count="1" type="stmt"/>
    </file>
  </project>
</coverage>
