{"/Users/leebyeongwoon/WebstormProjects/ts-test/src/codeCoverage100.ts": {"path":"/Users/leebyeongwoon/WebstormProjects/ts-test/src/codeCoverage100.ts","statementMap":{"0":{"start":{"line":2,"column":57},"end":{"line":2,"column":59}},"1":{"start":{"line":3,"column":4},"end":{"line":5,"column":5}},"2":{"start":{"line":4,"column":8},"end":{"line":4,"column":20}},"3":{"start":{"line":6,"column":4},"end":{"line":8,"column":5}},"4":{"start":{"line":7,"column":8},"end":{"line":7,"column":27}},"5":{"start":{"line":9,"column":4},"end":{"line":9,"column":16}},"6":{"start":{"line":1,"column":0},"end":{"line":1,"column":16}}},"fnMap":{"0":{"name":"codeCoverage100","decl":{"start":{"line":1,"column":16},"end":{"line":1,"column":31}},"loc":{"start":{"line":1,"column":62},"end":{"line":10,"column":1}}}},"branchMap":{"0":{"loc":{"start":{"line":3,"column":4},"end":{"line":5,"column":5}},"type":"if","locations":[{"start":{"line":3,"column":4},"end":{"line":5,"column":5}}]},"1":{"loc":{"start":{"line":6,"column":4},"end":{"line":8,"column":5}},"type":"if","locations":[{"start":{"line":6,"column":4},"end":{"line":8,"column":5}}]}},"s":{"0":2,"1":2,"2":1,"3":2,"4":2,"5":1,"6":1},"f":{"0":2},"b":{"0":[1],"1":[2]}}
,"/Users/leebyeongwoon/WebstormProjects/ts-test/src/fetch.ts": {"path":"/Users/leebyeongwoon/WebstormProjects/ts-test/src/fetch.ts","statementMap":{"0":{"start":{"line":1,"column":0},"end":{"line":1,"column":37}},"1":{"start":{"line":3,"column":25},"end":{"line":7,"column":1}},"2":{"start":{"line":4,"column":4},"end":{"line":6,"column":13}},"3":{"start":{"line":5,"column":8},"end":{"line":5,"column":41}},"4":{"start":{"line":3,"column":13},"end":{"line":3,"column":25}},"5":{"start":{"line":9,"column":32},"end":{"line":19,"column":1}},"6":{"start":{"line":14,"column":16},"end":{"line":14,"column":17}},"7":{"start":{"line":15,"column":4},"end":{"line":18,"column":20}},"8":{"start":{"line":16,"column":8},"end":{"line":16,"column":16}},"9":{"start":{"line":17,"column":8},"end":{"line":17,"column":29}},"10":{"start":{"line":9,"column":13},"end":{"line":9,"column":32}},"11":{"start":{"line":23,"column":23},"end":{"line":30,"column":2}},"12":{"start":{"line":25,"column":8},"end":{"line":27,"column":9}},"13":{"start":{"line":26,"column":12},"end":{"line":26,"column":77}},"14":{"start":{"line":26,"column":25},"end":{"line":26,"column":76}},"15":{"start":{"line":26,"column":55},"end":{"line":26,"column":71}},"16":{"start":{"line":28,"column":8},"end":{"line":28,"column":39}},"17":{"start":{"line":32,"column":19},"end":{"line":46,"column":1}},"18":{"start":{"line":37,"column":4},"end":{"line":37,"column":42}},"19":{"start":{"line":38,"column":4},"end":{"line":38,"column":41}},"20":{"start":{"line":40,"column":24},"end":{"line":42,"column":62}},"21":{"start":{"line":42,"column":30},"end":{"line":42,"column":60}},"22":{"start":{"line":43,"column":29},"end":{"line":43,"column":67}},"23":{"start":{"line":45,"column":4},"end":{"line":45,"column":111}},"24":{"start":{"line":48,"column":23},"end":{"line":54,"column":1}},"25":{"start":{"line":49,"column":18},"end":{"line":49,"column":35}},"26":{"start":{"line":50,"column":4},"end":{"line":53,"column":6}},"27":{"start":{"line":51,"column":20},"end":{"line":51,"column":37}},"28":{"start":{"line":52,"column":8},"end":{"line":52,"column":65}},"29":{"start":{"line":56,"column":28},"end":{"line":56,"column":73}},"30":{"start":{"line":56,"column":48},"end":{"line":56,"column":73}},"31":{"start":{"line":59,"column":4},"end":{"line":85,"column":6}},"32":{"start":{"line":60,"column":4},"end":{"line":85,"column":6}},"33":{"start":{"line":60,"column":23},"end":{"line":85,"column":6}},"34":{"start":{"line":61,"column":26},"end":{"line":61,"column":31}},"35":{"start":{"line":62,"column":22},"end":{"line":62,"column":67}},"36":{"start":{"line":63,"column":28},"end":{"line":63,"column":44}},"37":{"start":{"line":65,"column":8},"end":{"line":84,"column":9}},"38":{"start":{"line":66,"column":12},"end":{"line":81,"column":15}},"39":{"start":{"line":67,"column":16},"end":{"line":70,"column":17}},"40":{"start":{"line":69,"column":20},"end":{"line":69,"column":59}},"41":{"start":{"line":71,"column":16},"end":{"line":80,"column":30}},"42":{"start":{"line":73,"column":40},"end":{"line":73,"column":53}},"43":{"start":{"line":74,"column":39},"end":{"line":74,"column":67}},"44":{"start":{"line":75,"column":20},"end":{"line":75,"column":54}},"45":{"start":{"line":78,"column":35},"end":{"line":78,"column":67}},"46":{"start":{"line":79,"column":20},"end":{"line":79,"column":43}},"47":{"start":{"line":83,"column":12},"end":{"line":83,"column":33}},"48":{"start":{"line":58,"column":13},"end":{"line":58,"column":null}},"49":{"start":{"line":86,"column":22},"end":{"line":86,"column":71}},"50":{"start":{"line":86,"column":62},"end":{"line":86,"column":71}},"51":{"start":{"line":86,"column":13},"end":{"line":86,"column":22}}},"fnMap":{"0":{"name":"(anonymous_8)","decl":{"start":{"line":3,"column":25},"end":{"line":3,"column":26}},"loc":{"start":{"line":3,"column":65},"end":{"line":7,"column":1}}},"1":{"name":"(anonymous_9)","decl":{"start":{"line":4,"column":15},"end":{"line":4,"column":18}},"loc":{"start":{"line":4,"column":20},"end":{"line":6,"column":5}}},"2":{"name":"(anonymous_10)","decl":{"start":{"line":9,"column":32},"end":{"line":9,"column":null}},"loc":{"start":{"line":13,"column":4},"end":{"line":19,"column":1}}},"3":{"name":"(anonymous_11)","decl":{"start":{"line":15,"column":23},"end":{"line":15,"column":26}},"loc":{"start":{"line":15,"column":28},"end":{"line":18,"column":5}}},"4":{"name":"(anonymous_12)","decl":{"start":{"line":24,"column":9},"end":{"line":24,"column":37}},"loc":{"start":{"line":24,"column":73},"end":{"line":29,"column":5}}},"5":{"name":"(anonymous_13)","decl":{"start":{"line":26,"column":19},"end":{"line":26,"column":22}},"loc":{"start":{"line":26,"column":25},"end":{"line":26,"column":76}}},"6":{"name":"(anonymous_14)","decl":{"start":{"line":26,"column":39},"end":{"line":26,"column":40}},"loc":{"start":{"line":26,"column":55},"end":{"line":26,"column":71}}},"7":{"name":"(anonymous_15)","decl":{"start":{"line":32,"column":19},"end":{"line":32,"column":20}},"loc":{"start":{"line":32,"column":56},"end":{"line":46,"column":1}}},"8":{"name":"(anonymous_16)","decl":{"start":{"line":42,"column":13},"end":{"line":42,"column":14}},"loc":{"start":{"line":42,"column":30},"end":{"line":42,"column":60}}},"9":{"name":"(anonymous_17)","decl":{"start":{"line":48,"column":23},"end":{"line":48,"column":26}},"loc":{"start":{"line":48,"column":28},"end":{"line":54,"column":1}}},"10":{"name":"(anonymous_18)","decl":{"start":{"line":50,"column":11},"end":{"line":50,"column":14}},"loc":{"start":{"line":50,"column":16},"end":{"line":53,"column":5}}},"11":{"name":"(anonymous_19)","decl":{"start":{"line":56,"column":28},"end":{"line":56,"column":29}},"loc":{"start":{"line":56,"column":48},"end":{"line":56,"column":73}}},"12":{"name":"(anonymous_20)","decl":{"start":{"line":59,"column":4},"end":{"line":59,"column":8}},"loc":{"start":{"line":60,"column":4},"end":{"line":85,"column":6}}},"13":{"name":"(anonymous_21)","decl":{"start":{"line":60,"column":4},"end":{"line":60,"column":11}},"loc":{"start":{"line":60,"column":23},"end":{"line":85,"column":6}}},"14":{"name":"(anonymous_22)","decl":{"start":{"line":60,"column":23},"end":{"line":60,"column":null}},"loc":{"start":{"line":60,"column":23},"end":{"line":85,"column":5}}},"15":{"name":"(anonymous_23)","decl":{"start":{"line":66,"column":37},"end":{"line":66,"column":38}},"loc":{"start":{"line":66,"column":57},"end":{"line":81,"column":13}}},"16":{"name":"(anonymous_24)","decl":{"start":{"line":71,"column":34},"end":{"line":71,"column":37}},"loc":{"start":{"line":71,"column":39},"end":{"line":80,"column":17}}},"17":{"name":"(anonymous_25)","decl":{"start":{"line":86,"column":22},"end":{"line":86,"column":26}},"loc":{"start":{"line":86,"column":62},"end":{"line":86,"column":71}}}},"branchMap":{"0":{"loc":{"start":{"line":25,"column":8},"end":{"line":27,"column":9}},"type":"if","locations":[{"start":{"line":25,"column":8},"end":{"line":27,"column":9}}]},"1":{"loc":{"start":{"line":42,"column":30},"end":{"line":42,"column":60}},"type":"cond-expr","locations":[{"start":{"line":42,"column":51},"end":{"line":42,"column":54}},{"start":{"line":42,"column":57},"end":{"line":42,"column":60}}]},"2":{"loc":{"start":{"line":67,"column":16},"end":{"line":70,"column":17}},"type":"if","locations":[{"start":{"line":67,"column":16},"end":{"line":70,"column":17}}]}},"s":{"0":1,"1":1,"2":1,"3":1,"4":1,"5":1,"6":2,"7":2,"8":9,"9":9,"10":1,"11":1,"12":20,"13":10,"14":10,"15":100,"16":10,"17":1,"18":10,"19":10,"20":10,"21":100,"22":10,"23":10,"24":1,"25":2,"26":2,"27":1,"28":1,"29":1,"30":2,"31":1,"32":2,"33":2,"34":2,"35":2,"36":2,"37":2,"38":2,"39":2,"40":1,"41":1,"42":1,"43":1,"44":1,"45":1,"46":1,"47":2,"48":1,"49":1,"50":1,"51":1},"f":{"0":1,"1":1,"2":2,"3":9,"4":20,"5":10,"6":100,"7":10,"8":100,"9":2,"10":1,"11":2,"12":2,"13":2,"14":2,"15":2,"16":1,"17":1},"b":{"0":[10],"1":[55,45],"2":[1]}}
,"/Users/leebyeongwoon/WebstormProjects/ts-test/src/sum.ts": {"path":"/Users/leebyeongwoon/WebstormProjects/ts-test/src/sum.ts","statementMap":{"0":{"start":{"line":2,"column":4},"end":{"line":2,"column":17}},"1":{"start":{"line":1,"column":0},"end":{"line":1,"column":16}}},"fnMap":{"0":{"name":"sum","decl":{"start":{"line":1,"column":16},"end":{"line":1,"column":19}},"loc":{"start":{"line":1,"column":40},"end":{"line":3,"column":1}}}},"branchMap":{},"s":{"0":1,"1":1},"f":{"0":1},"b":{}}
,"/Users/leebyeongwoon/WebstormProjects/ts-test/src/throwErrorTest.ts": {"path":"/Users/leebyeongwoon/WebstormProjects/ts-test/src/throwErrorTest.ts","statementMap":{"0":{"start":{"line":2,"column":4},"end":{"line":4,"column":5}},"1":{"start":{"line":3,"column":8},"end":{"line":3,"column":47}},"2":{"start":{"line":5,"column":4},"end":{"line":5,"column":17}},"3":{"start":{"line":1,"column":0},"end":{"line":1,"column":16}}},"fnMap":{"0":{"name":"throwErrorTest","decl":{"start":{"line":1,"column":16},"end":{"line":1,"column":30}},"loc":{"start":{"line":1,"column":45},"end":{"line":6,"column":1}}}},"branchMap":{"0":{"loc":{"start":{"line":2,"column":4},"end":{"line":4,"column":5}},"type":"if","locations":[{"start":{"line":2,"column":4},"end":{"line":4,"column":5}}]}},"s":{"0":2,"1":1,"2":1,"3":1},"f":{"0":2},"b":{"0":[1]}}
,"/Users/leebyeongwoon/WebstormProjects/ts-test/src/KnowledgeBase/sideEffect/LoopToPure.ts": {"path":"/Users/leebyeongwoon/WebstormProjects/ts-test/src/KnowledgeBase/sideEffect/LoopToPure.ts","statementMap":{"0":{"start":{"line":2,"column":4},"end":{"line":6,"column":5}},"1":{"start":{"line":3,"column":8},"end":{"line":3,"column":17}},"2":{"start":{"line":5,"column":8},"end":{"line":5,"column":50}},"3":{"start":{"line":1,"column":0},"end":{"line":1,"column":24}}},"fnMap":{"0":{"name":"LoopToPure","decl":{"start":{"line":1,"column":24},"end":{"line":1,"column":34}},"loc":{"start":{"line":1,"column":61},"end":{"line":7,"column":1}}}},"branchMap":{"0":{"loc":{"start":{"line":2,"column":4},"end":{"line":6,"column":5}},"type":"if","locations":[{"start":{"line":2,"column":4},"end":{"line":6,"column":5}},{"start":{"line":4,"column":11},"end":{"line":6,"column":5}}]}},"s":{"0":11,"1":4,"2":7,"3":1},"f":{"0":11},"b":{"0":[4,7]}}
}
