TN:
SF:src/codeCoverage100.ts
FN:1,codeCoverage100
FNF:1
FNH:1
FNDA:2,codeCoverage100
DA:1,1
DA:2,2
DA:3,2
DA:4,1
DA:6,2
DA:7,2
DA:9,1
LF:7
LH:7
BRDA:3,0,0,1
BRDA:6,1,0,2
BRF:2
BRH:2
end_of_record
TN:
SF:src/fetch.ts
FN:3,(anonymous_8)
FN:4,(anonymous_9)
FN:9,(anonymous_10)
FN:15,(anonymous_11)
FN:24,(anonymous_12)
FN:26,(anonymous_13)
FN:26,(anonymous_14)
FN:32,(anonymous_15)
FN:42,(anonymous_16)
FN:48,(anonymous_17)
FN:50,(anonymous_18)
FN:56,(anonymous_19)
FN:59,(anonymous_20)
FN:60,(anonymous_21)
FN:60,(anonymous_22)
FN:66,(anonymous_23)
FN:71,(anonymous_24)
FN:86,(anonymous_25)
FNF:18
FNH:18
FNDA:1,(anonymous_8)
FNDA:1,(anonymous_9)
FNDA:2,(anonymous_10)
FNDA:9,(anonymous_11)
FNDA:20,(anonymous_12)
FNDA:10,(anonymous_13)
FNDA:100,(anonymous_14)
FNDA:10,(anonymous_15)
FNDA:100,(anonymous_16)
FNDA:2,(anonymous_17)
FNDA:1,(anonymous_18)
FNDA:2,(anonymous_19)
FNDA:2,(anonymous_20)
FNDA:2,(anonymous_21)
FNDA:2,(anonymous_22)
FNDA:2,(anonymous_23)
FNDA:1,(anonymous_24)
FNDA:1,(anonymous_25)
DA:1,1
DA:3,1
DA:4,1
DA:5,1
DA:9,1
DA:14,2
DA:15,2
DA:16,9
DA:17,9
DA:23,1
DA:25,20
DA:26,100
DA:28,10
DA:32,1
DA:37,10
DA:38,10
DA:40,10
DA:42,100
DA:43,10
DA:45,10
DA:48,1
DA:49,2
DA:50,2
DA:51,1
DA:52,1
DA:56,2
DA:58,1
DA:59,1
DA:60,2
DA:61,2
DA:62,2
DA:63,2
DA:65,2
DA:66,2
DA:67,2
DA:69,1
DA:71,1
DA:73,1
DA:74,1
DA:75,1
DA:78,1
DA:79,1
DA:83,2
DA:86,1
LF:44
LH:44
BRDA:25,0,0,10
BRDA:42,1,0,55
BRDA:42,1,1,45
BRDA:67,2,0,1
BRF:4
BRH:4
end_of_record
TN:
SF:src/sum.ts
FN:1,sum
FNF:1
FNH:1
FNDA:1,sum
DA:1,1
DA:2,1
LF:2
LH:2
BRF:0
BRH:0
end_of_record
TN:
SF:src/throwErrorTest.ts
FN:1,throwErrorTest
FNF:1
FNH:1
FNDA:2,throwErrorTest
DA:1,1
DA:2,2
DA:3,1
DA:5,1
LF:4
LH:4
BRDA:2,0,0,1
BRF:1
BRH:1
end_of_record
TN:
SF:src/KnowledgeBase/sideEffect/LoopToPure.ts
FN:1,LoopToPure
FNF:1
FNH:1
FNDA:11,LoopToPure
DA:1,1
DA:2,11
DA:3,4
DA:5,7
LF:4
LH:4
BRDA:2,0,0,4
BRDA:2,0,1,7
BRF:2
BRH:2
end_of_record
